This is pdfTeX, Version 3.14159265-2.6-1.40.17 (TeX Live 2016) (preloaded format=pdflatex 2016.5.22)  17 OCT 2017 12:06
entering extended mode
 restricted \write18 enabled.
 %&-line parsing enabled.
**IsingModelReport.tex
(./IsingModelReport.tex
LaTeX2e <2016/03/31>
Babel <3.9r> and hyphenation patterns for 83 language(s) loaded.
(/usr/local/texlive/2016/texmf-dist/tex/latex/base/article.cls
Document Class: article 2014/09/29 v1.4h Standard LaTeX document class
(/usr/local/texlive/2016/texmf-dist/tex/latex/base/size12.clo
File: size12.clo 2014/09/29 v1.4h Standard LaTeX file (size option)
)
\c@part=\count79
\c@section=\count80
\c@subsection=\count81
\c@subsubsection=\count82
\c@paragraph=\count83
\c@subparagraph=\count84
\c@figure=\count85
\c@table=\count86
\abovecaptionskip=\skip41
\belowcaptionskip=\skip42
\bibindent=\dimen102
)
(/usr/local/texlive/2016/texmf-dist/tex/latex/geometry/geometry.sty
Package: geometry 2010/09/12 v5.6 Page Geometry

(/usr/local/texlive/2016/texmf-dist/tex/latex/graphics/keyval.sty
Package: keyval 2014/10/28 v1.15 key=value parser (DPC)
\KV@toks@=\toks14
)
(/usr/local/texlive/2016/texmf-dist/tex/generic/oberdiek/ifpdf.sty
Package: ifpdf 2016/05/14 v3.1 Provides the ifpdf switch
)
(/usr/local/texlive/2016/texmf-dist/tex/generic/oberdiek/ifvtex.sty
Package: ifvtex 2016/05/16 v1.6 Detect VTeX and its facilities (HO)
Package ifvtex Info: VTeX not detected.
)
(/usr/local/texlive/2016/texmf-dist/tex/generic/ifxetex/ifxetex.sty
Package: ifxetex 2010/09/12 v0.6 Provides ifxetex conditional
)
\Gm@cnth=\count87
\Gm@cntv=\count88
\c@Gm@tempcnt=\count89
\Gm@bindingoffset=\dimen103
\Gm@wd@mp=\dimen104
\Gm@odd@mp=\dimen105
\Gm@even@mp=\dimen106
\Gm@layoutwidth=\dimen107
\Gm@layoutheight=\dimen108
\Gm@layouthoffset=\dimen109
\Gm@layoutvoffset=\dimen110
\Gm@dimlist=\toks15
)
(/usr/local/texlive/2016/texmf-dist/tex/latex/amsmath/amsmath.sty
Package: amsmath 2016/03/10 v2.15b AMS math features
\@mathmargin=\skip43

For additional information on amsmath, use the `?' option.
(/usr/local/texlive/2016/texmf-dist/tex/latex/amsmath/amstext.sty
Package: amstext 2000/06/29 v2.01 AMS text

(/usr/local/texlive/2016/texmf-dist/tex/latex/amsmath/amsgen.sty
File: amsgen.sty 1999/11/30 v2.0 generic functions
\@emptytoks=\toks16
\ex@=\dimen111
))
(/usr/local/texlive/2016/texmf-dist/tex/latex/amsmath/amsbsy.sty
Package: amsbsy 1999/11/29 v1.2d Bold Symbols
\pmbraise@=\dimen112
)
(/usr/local/texlive/2016/texmf-dist/tex/latex/amsmath/amsopn.sty
Package: amsopn 2016/03/08 v2.02 operator names
)
\inf@bad=\count90
LaTeX Info: Redefining \frac on input line 199.
\uproot@=\count91
\leftroot@=\count92
LaTeX Info: Redefining \overline on input line 297.
\classnum@=\count93
\DOTSCASE@=\count94
LaTeX Info: Redefining \ldots on input line 394.
LaTeX Info: Redefining \dots on input line 397.
LaTeX Info: Redefining \cdots on input line 518.
\Mathstrutbox@=\box26
\strutbox@=\box27
\big@size=\dimen113
LaTeX Font Info:    Redeclaring font encoding OML on input line 634.
LaTeX Font Info:    Redeclaring font encoding OMS on input line 635.
\macc@depth=\count95
\c@MaxMatrixCols=\count96
\dotsspace@=\muskip10
\c@parentequation=\count97
\dspbrk@lvl=\count98
\tag@help=\toks17
\row@=\count99
\column@=\count100
\maxfields@=\count101
\andhelp@=\toks18
\eqnshift@=\dimen114
\alignsep@=\dimen115
\tagshift@=\dimen116
\tagwidth@=\dimen117
\totwidth@=\dimen118
\lineht@=\dimen119
\@envbody=\toks19
\multlinegap=\skip44
\multlinetaggap=\skip45
\mathdisplay@stack=\toks20
LaTeX Info: Redefining \[ on input line 2739.
LaTeX Info: Redefining \] on input line 2740.
)
(/usr/local/texlive/2016/texmf-dist/tex/latex/graphics/graphicx.sty
Package: graphicx 2014/10/28 v1.0g Enhanced LaTeX Graphics (DPC,SPQR)

(/usr/local/texlive/2016/texmf-dist/tex/latex/graphics/graphics.sty
Package: graphics 2016/05/09 v1.0r Standard LaTeX Graphics (DPC,SPQR)

(/usr/local/texlive/2016/texmf-dist/tex/latex/graphics/trig.sty
Package: trig 2016/01/03 v1.10 sin cos tan (DPC)
)
(/usr/local/texlive/2016/texmf-dist/tex/latex/graphics-cfg/graphics.cfg
File: graphics.cfg 2016/01/02 v1.10 sample graphics configuration
)
Package graphics Info: Driver file: pdftex.def on input line 96.

(/usr/local/texlive/2016/texmf-dist/tex/latex/pdftex-def/pdftex.def
File: pdftex.def 2011/05/27 v0.06d Graphics/color for pdfTeX

(/usr/local/texlive/2016/texmf-dist/tex/generic/oberdiek/infwarerr.sty
Package: infwarerr 2016/05/16 v1.4 Providing info/warning/error messages (HO)
)
(/usr/local/texlive/2016/texmf-dist/tex/generic/oberdiek/ltxcmds.sty
Package: ltxcmds 2016/05/16 v1.23 LaTeX kernel commands for general use (HO)
)
\Gread@gobject=\count102
))
\Gin@req@height=\dimen120
\Gin@req@width=\dimen121
)
(/usr/local/texlive/2016/texmf-dist/tex/latex/setspace/setspace.sty
Package: setspace 2011/12/19 v6.7a set line spacing
)
(/usr/local/texlive/2016/texmf-dist/tex/latex/caption/subcaption.sty
Package: subcaption 2016/02/20 v1.1-142 Sub-captions (AR)

(/usr/local/texlive/2016/texmf-dist/tex/latex/caption/caption.sty
Package: caption 2016/02/21 v3.3-144 Customizing captions (AR)

(/usr/local/texlive/2016/texmf-dist/tex/latex/caption/caption3.sty
Package: caption3 2016/02/04 v1.7-139 caption3 kernel (AR)
Package caption3 Info: TeX engine: e-TeX on input line 67.
\captionmargin=\dimen122
\captionmargin@=\dimen123
\captionwidth=\dimen124
\caption@tempdima=\dimen125
\caption@indent=\dimen126
\caption@parindent=\dimen127
\caption@hangindent=\dimen128
)
\c@ContinuedFloat=\count103
)
\c@subfigure=\count104
\c@subtable=\count105
)
(/usr/local/texlive/2016/texmf-dist/tex/latex/listings/listings.sty
\lst@mode=\count106
\lst@gtempboxa=\box28
\lst@token=\toks21
\lst@length=\count107
\lst@currlwidth=\dimen129
\lst@column=\count108
\lst@pos=\count109
\lst@lostspace=\dimen130
\lst@width=\dimen131
\lst@newlines=\count110
\lst@lineno=\count111
\lst@maxwidth=\dimen132

(/usr/local/texlive/2016/texmf-dist/tex/latex/listings/lstmisc.sty
File: lstmisc.sty 2015/06/04 1.6 (Carsten Heinz)
\c@lstnumber=\count112
\lst@skipnumbers=\count113
\lst@framebox=\box29
)
(/usr/local/texlive/2016/texmf-dist/tex/latex/listings/listings.cfg
File: listings.cfg 2015/06/04 1.6 listings configuration
))
Package: listings 2015/06/04 1.6 (Carsten Heinz)

(/usr/local/texlive/2016/texmf-dist/tex/latex/physics/physics.sty
Package: physics 

(/usr/local/texlive/2016/texmf-dist/tex/latex/l3packages/xparse/xparse.sty
(/usr/local/texlive/2016/texmf-dist/tex/latex/l3kernel/expl3.sty
Package: expl3 2016/05/18 v6512 L3 programming layer (loader) 

(/usr/local/texlive/2016/texmf-dist/tex/latex/l3kernel/expl3-code.tex
Package: expl3 2016/05/18 v6512 L3 programming layer (code)
L3 Module: l3bootstrap 2016/02/12 v6412 L3 Bootstrap code
L3 Module: l3names 2016/03/11 v6433 L3 Namespace for primitives
L3 Module: l3basics 2015/11/22 v6315 L3 Basic definitions
L3 Module: l3expan 2015/09/10 v5983 L3 Argument expansion
L3 Module: l3tl 2016/03/26 v6465 L3 Token lists
L3 Module: l3str 2016/03/24 v6441 L3 Strings
L3 Module: l3seq 2015/08/05 v5777 L3 Sequences and stacks
L3 Module: l3int 2016/03/24 v6441 L3 Integers
\c_max_int=\count114
\l_tmpa_int=\count115
\l_tmpb_int=\count116
\g_tmpa_int=\count117
\g_tmpb_int=\count118
L3 Module: l3quark 2015/08/17 v5855 L3 Quarks
L3 Module: l3prg 2015/11/01 v6216 L3 Control structures
\g__prg_map_int=\count119
L3 Module: l3clist 2015/09/02 v5901 L3 Comma separated lists
L3 Module: l3token 2016/04/03 v6470 L3 Experimental token manipulation
L3 Module: l3prop 2016/01/05 v6366 L3 Property lists
L3 Module: l3msg 2016/03/26 v6464 L3 Messages
L3 Module: l3file 2016/03/25 v6458 L3 File and I/O operations
\l_iow_line_count_int=\count120
\l__iow_target_count_int=\count121
\l__iow_current_line_int=\count122
\l__iow_current_word_int=\count123
\l__iow_current_indentation_int=\count124
L3 Module: l3skip 2016/01/05 v6366 L3 Dimensions and skips
\c_zero_dim=\dimen133
\c_max_dim=\dimen134
\l_tmpa_dim=\dimen135
\l_tmpb_dim=\dimen136
\g_tmpa_dim=\dimen137
\g_tmpb_dim=\dimen138
\c_zero_skip=\skip46
\c_max_skip=\skip47
\l_tmpa_skip=\skip48
\l_tmpb_skip=\skip49
\g_tmpa_skip=\skip50
\g_tmpb_skip=\skip51
\c_zero_muskip=\muskip11
\c_max_muskip=\muskip12
\l_tmpa_muskip=\muskip13
\l_tmpb_muskip=\muskip14
\g_tmpa_muskip=\muskip15
\g_tmpb_muskip=\muskip16
L3 Module: l3keys 2015/11/17 v6284 L3 Key-value interfaces
\g__keyval_level_int=\count125
\l_keys_choice_int=\count126
L3 Module: l3fp 2016/03/26 v6465 L3 Floating points
\c__fp_leading_shift_int=\count127
\c__fp_middle_shift_int=\count128
\c__fp_trailing_shift_int=\count129
\c__fp_big_leading_shift_int=\count130
\c__fp_big_middle_shift_int=\count131
\c__fp_big_trailing_shift_int=\count132
\c__fp_Bigg_leading_shift_int=\count133
\c__fp_Bigg_middle_shift_int=\count134
\c__fp_Bigg_trailing_shift_int=\count135
L3 Module: l3box 2015/08/09 v5822 L3 Experimental boxes
\c_empty_box=\box30
\l_tmpa_box=\box31
\l_tmpb_box=\box32
\g_tmpa_box=\box33
\g_tmpb_box=\box34
L3 Module: l3coffins 2016/05/17 v6508 L3 Coffin code layer
\l__coffin_internal_box=\box35
\l__coffin_internal_dim=\dimen139
\l__coffin_offset_x_dim=\dimen140
\l__coffin_offset_y_dim=\dimen141
\l__coffin_x_dim=\dimen142
\l__coffin_y_dim=\dimen143
\l__coffin_x_prime_dim=\dimen144
\l__coffin_y_prime_dim=\dimen145
\c_empty_coffin=\box36
\l__coffin_aligned_coffin=\box37
\l__coffin_aligned_internal_coffin=\box38
\l_tmpa_coffin=\box39
\l_tmpb_coffin=\box40
\l__coffin_display_coffin=\box41
\l__coffin_display_coord_coffin=\box42
\l__coffin_display_pole_coffin=\box43
\l__coffin_display_offset_dim=\dimen146
\l__coffin_display_x_dim=\dimen147
\l__coffin_display_y_dim=\dimen148
L3 Module: l3color 2014/08/23 v5354 L3 Experimental color support
L3 Module: l3sys 2015/09/25 v6087 L3 Experimental system/runtime functions
L3 Module: l3candidates 2016/05/13 v6484 L3 Experimental additions to l3kernel
\l__box_top_dim=\dimen149
\l__box_bottom_dim=\dimen150
\l__box_left_dim=\dimen151
\l__box_right_dim=\dimen152
\l__box_top_new_dim=\dimen153
\l__box_bottom_new_dim=\dimen154
\l__box_left_new_dim=\dimen155
\l__box_right_new_dim=\dimen156
\l__box_internal_box=\box44
\l__coffin_bounding_shift_dim=\dimen157
\l__coffin_left_corner_dim=\dimen158
\l__coffin_right_corner_dim=\dimen159
\l__coffin_bottom_corner_dim=\dimen160
\l__coffin_top_corner_dim=\dimen161
\l__coffin_scaled_total_height_dim=\dimen162
\l__coffin_scaled_width_dim=\dimen163
L3 Module: l3luatex 2016/03/26 v6465 L3 Experimental LuaTeX-specific functions
)
(/usr/local/texlive/2016/texmf-dist/tex/latex/l3kernel/l3pdfmode.def
File: l3pdfmode.def 2016/03/26 v6465 L3 Experimental driver: PDF mode
\l__driver_color_stack_int=\count136
\l__driver_tmp_box=\box45
))
Package: xparse 2016/05/18 v6512 L3 Experimental document command parser
\l__xparse_current_arg_int=\count137
\l__xparse_m_args_int=\count138
\l__xparse_mandatory_args_int=\count139
\l__xparse_processor_int=\count140
\l__xparse_v_nesting_int=\count141
)
.................................................
. LaTeX info: "xparse/define-command"
. 
. Defining command \vnabla with sig. '' on line 25.
.................................................
.................................................
. LaTeX info: "xparse/define-command"
. 
. Defining command \varE with sig. '' on line 29.
.................................................
.................................................
. LaTeX info: "xparse/define-command"
. 
. Defining command \ordersymbol with sig. '' on line 30.
.................................................
.................................................
. LaTeX info: "xparse/define-command"
. 
. Defining command \lparen with sig. '' on line 31.
.................................................
.................................................
. LaTeX info: "xparse/define-command"
. 
. Defining command \rparen with sig. '' on line 32.
.................................................
.................................................
. LaTeX info: "xparse/define-command"
. 
. Defining command \quantity with sig. '' on line 35.
.................................................
.................................................
. LaTeX info: "xparse/define-command"
. 
. Defining command \@quantity with sig. ' t\big t\Big t\bigg t\Bigg g o d()
. d|| ' on line 62.
.................................................
.................................................
. LaTeX info: "xparse/define-command"
. 
. Defining command \qty with sig. '' on line 63.
.................................................
.................................................
. LaTeX info: "xparse/define-command"
. 
. Defining command \pqty with sig. ' l m ' on line 64.
.................................................
.................................................
. LaTeX info: "xparse/define-command"
. 
. Defining command \bqty with sig. ' l m ' on line 65.
.................................................
.................................................
. LaTeX info: "xparse/define-command"
. 
. Defining command \Bqty with sig. ' l m ' on line 66.
.................................................
.................................................
. LaTeX info: "xparse/define-command"
. 
. Defining command \vqty with sig. ' l m ' on line 67.
.................................................
.................................................
. LaTeX info: "xparse/define-command"
. 
. Defining command \pmqty with sig. 'm' on line 70.
.................................................
.................................................
. LaTeX info: "xparse/define-command"
. 
. Defining command \Pmqty with sig. 'm' on line 71.
.................................................
.................................................
. LaTeX info: "xparse/define-command"
. 
. Defining command \bmqty with sig. 'm' on line 72.
.................................................
.................................................
. LaTeX info: "xparse/define-command"
. 
. Defining command \vmqty with sig. 'm' on line 73.
.................................................
.................................................
. LaTeX info: "xparse/define-command"
. 
. Defining command \matrixquantity with sig. '' on line 74.
.................................................
.................................................
. LaTeX info: "xparse/define-command"
. 
. Defining command \@matrixquantity with sig. ' s g o d() d|| ' on line 100.
.................................................
.................................................
. LaTeX info: "xparse/define-command"
. 
. Defining command \mqty with sig. '' on line 101.
.................................................
.................................................
. LaTeX info: "xparse/define-command"
. 
. Defining command \matrixdeterminant with sig. 'm' on line 102.
.................................................
.................................................
. LaTeX info: "xparse/define-command"
. 
. Defining command \mdet with sig. '' on line 103.
.................................................
.................................................
. LaTeX info: "xparse/define-command"
. 
. Defining command \spmqty with sig. 'm' on line 105.
.................................................
.................................................
. LaTeX info: "xparse/define-command"
. 
. Defining command \sPmqty with sig. 'm' on line 106.
.................................................
.................................................
. LaTeX info: "xparse/define-command"
. 
. Defining command \sbmqty with sig. 'm' on line 107.
.................................................
.................................................
. LaTeX info: "xparse/define-command"
. 
. Defining command \svmqty with sig. 'm' on line 108.
.................................................
.................................................
. LaTeX info: "xparse/define-command"
. 
. Defining command \smallmatrixquantity with sig. ' s g o d() d|| ' on line
. 133.
.................................................
.................................................
. LaTeX info: "xparse/define-command"
. 
. Defining command \smqty with sig. '' on line 134.
.................................................
.................................................
. LaTeX info: "xparse/define-command"
. 
. Defining command \smallmatrixdeterminant with sig. 'm' on line 135.
.................................................
.................................................
. LaTeX info: "xparse/define-command"
. 
. Defining command \smdet with sig. '' on line 136.
.................................................
.................................................
. LaTeX info: "xparse/define-command"
. 
. Defining command \argopen with sig. 's' on line 138.
.................................................
.................................................
. LaTeX info: "xparse/define-command"
. 
. Defining command \argclose with sig. 's' on line 139.
.................................................
.................................................
. LaTeX info: "xparse/define-command"
. 
. Defining command \braces with sig. '' on line 141.
.................................................
.................................................
. LaTeX info: "xparse/define-command"
. 
. Defining command \@braces with sig. ' s t\big t\Big t\bigg t\Bigg m m m ' on
. line 156.
.................................................
.................................................
. LaTeX info: "xparse/define-command"
. 
. Defining command \fbraces with sig. ' s t\big t\Big t\bigg t\Bigg m m m m '
. on line 174.
.................................................
.................................................
. LaTeX info: "xparse/define-command"
. 
. Defining command \absolutevalue with sig. ' l m ' on line 176.
.................................................
.................................................
. LaTeX info: "xparse/define-command"
. 
. Defining command \abs with sig. '' on line 177.
.................................................
.................................................
. LaTeX info: "xparse/define-command"
. 
. Defining command \norm with sig. ' l m ' on line 178.
.................................................
.................................................
. LaTeX info: "xparse/define-command"
. 
. Defining command \order with sig. ' l m ' on line 179.
.................................................
.................................................
. LaTeX info: "xparse/define-command"
. 
. Defining command \evaluated with sig. ' s g d[| d(| ' on line 194.
.................................................
.................................................
. LaTeX info: "xparse/define-command"
. 
. Defining command \eval with sig. '' on line 195.
.................................................
.................................................
. LaTeX info: "xparse/define-command"
. 
. Defining command \poissonbracket with sig. ' l m m ' on line 197.
.................................................
.................................................
. LaTeX info: "xparse/define-command"
. 
. Defining command \pb with sig. '' on line 198.
.................................................
.................................................
. LaTeX info: "xparse/define-command"
. 
. Defining command \commutator with sig. ' l m m ' on line 201.
.................................................
.................................................
. LaTeX info: "xparse/define-command"
. 
. Defining command \comm with sig. '' on line 202.
.................................................
.................................................
. LaTeX info: "xparse/define-command"
. 
. Defining command \anticommutator with sig. ' l m m ' on line 203.
.................................................
.................................................
. LaTeX info: "xparse/define-command"
. 
. Defining command \acommutator with sig. '' on line 204.
.................................................
.................................................
. LaTeX info: "xparse/define-command"
. 
. Defining command \acomm with sig. '' on line 205.
.................................................
.................................................
. LaTeX info: "xparse/define-command"
. 
. Defining command \vectorbold with sig. ' s m ' on line 208.
.................................................
.................................................
. LaTeX info: "xparse/define-command"
. 
. Defining command \vb with sig. '' on line 209.
.................................................
.................................................
. LaTeX info: "xparse/define-command"
. 
. Defining command \vectorarrow with sig. ' s m ' on line 211.
.................................................
.................................................
. LaTeX info: "xparse/define-command"
. 
. Defining command \va with sig. '' on line 212.
.................................................
.................................................
. LaTeX info: "xparse/define-command"
. 
. Defining command \vectorunit with sig. ' s m ' on line 214.
.................................................
.................................................
. LaTeX info: "xparse/define-command"
. 
. Defining command \vu with sig. '' on line 215.
.................................................
.................................................
. LaTeX info: "xparse/define-command"
. 
. Defining command \dotproduct with sig. '' on line 217.
.................................................
.................................................
. LaTeX info: "xparse/define-command"
. 
. Defining command \vdot with sig. '' on line 218.
.................................................
.................................................
. LaTeX info: "xparse/define-command"
. 
. Defining command \crossproduct with sig. '' on line 220.
.................................................
.................................................
. LaTeX info: "xparse/define-command"
. 
. Defining command \cross with sig. '' on line 221.
.................................................
.................................................
. LaTeX info: "xparse/define-command"
. 
. Defining command \cp with sig. '' on line 222.
.................................................
.................................................
. LaTeX info: "xparse/define-command"
. 
. Defining command \gradient with sig. ' g o d() ' on line 232.
.................................................
.................................................
. LaTeX info: "xparse/define-command"
. 
. Defining command \grad with sig. '' on line 233.
.................................................
.................................................
. LaTeX info: "xparse/define-command"
. 
. Defining command \divergence with sig. ' g o d() ' on line 243.
.................................................
.................................................
. LaTeX info: "xparse/define-command"
. 
. Defining command \div with sig. '' on line 246.
.................................................
.................................................
. LaTeX info: "xparse/define-command"
. 
. Defining command \curl with sig. ' g o d() ' on line 256.
.................................................
.................................................
. LaTeX info: "xparse/define-command"
. 
. Defining command \laplacian with sig. ' g o d() ' on line 266.
.................................................
.................................................
. LaTeX info: "xparse/define-command"
. 
. Defining command \principalvalue with sig. 'g' on line 274.
.................................................
.................................................
. LaTeX info: "xparse/define-command"
. 
. Defining command \pv with sig. '' on line 275.
.................................................
.................................................
. LaTeX info: "xparse/define-command"
. 
. Defining command \PV with sig. 'g' on line 276.
.................................................
.................................................
. LaTeX info: "xparse/redefine-command"
. 
. Redefining command \Re with sig. 'g' on line 277.
.................................................
.................................................
. LaTeX info: "xparse/redefine-command"
. 
. Redefining command \Im with sig. 'g' on line 278.
.................................................
.................................................
. LaTeX info: "xparse/define-command"
. 
. Defining command \opbraces with sig. ' m g o d() ' on line 299.
.................................................
.................................................
. LaTeX info: "xparse/define-command"
. 
. Defining command \trigbraces with sig. ' m o d() ' on line 305.
.................................................
.................................................
. LaTeX info: "xparse/redefine-command"
. 
. Redefining command \sin with sig. '' on line 309.
.................................................
.................................................
. LaTeX info: "xparse/redefine-command"
. 
. Redefining command \cos with sig. '' on line 310.
.................................................
.................................................
. LaTeX info: "xparse/redefine-command"
. 
. Redefining command \tan with sig. '' on line 311.
.................................................
.................................................
. LaTeX info: "xparse/redefine-command"
. 
. Redefining command \csc with sig. '' on line 312.
.................................................
.................................................
. LaTeX info: "xparse/redefine-command"
. 
. Redefining command \sec with sig. '' on line 313.
.................................................
.................................................
. LaTeX info: "xparse/redefine-command"
. 
. Redefining command \cot with sig. '' on line 314.
.................................................
.................................................
. LaTeX info: "xparse/redefine-command"
. 
. Redefining command \arcsin with sig. '' on line 316.
.................................................
.................................................
. LaTeX info: "xparse/redefine-command"
. 
. Redefining command \arccos with sig. '' on line 317.
.................................................
.................................................
. LaTeX info: "xparse/redefine-command"
. 
. Redefining command \arctan with sig. '' on line 318.
.................................................
.................................................
. LaTeX info: "xparse/define-command"
. 
. Defining command \arccsc with sig. '' on line 320.
.................................................
.................................................
. LaTeX info: "xparse/define-command"
. 
. Defining command \arcsec with sig. '' on line 322.
.................................................
.................................................
. LaTeX info: "xparse/define-command"
. 
. Defining command \arccot with sig. '' on line 324.
.................................................
.................................................
. LaTeX info: "xparse/define-command"
. 
. Defining command \asin with sig. '' on line 327.
.................................................
.................................................
. LaTeX info: "xparse/define-command"
. 
. Defining command \acos with sig. '' on line 329.
.................................................
.................................................
. LaTeX info: "xparse/define-command"
. 
. Defining command \atan with sig. '' on line 331.
.................................................
.................................................
. LaTeX info: "xparse/define-command"
. 
. Defining command \acsc with sig. '' on line 333.
.................................................
.................................................
. LaTeX info: "xparse/define-command"
. 
. Defining command \asec with sig. '' on line 335.
.................................................
.................................................
. LaTeX info: "xparse/define-command"
. 
. Defining command \acot with sig. '' on line 337.
.................................................
.................................................
. LaTeX info: "xparse/redefine-command"
. 
. Redefining command \sinh with sig. '' on line 339.
.................................................
.................................................
. LaTeX info: "xparse/redefine-command"
. 
. Redefining command \cosh with sig. '' on line 340.
.................................................
.................................................
. LaTeX info: "xparse/redefine-command"
. 
. Redefining command \tanh with sig. '' on line 341.
.................................................
.................................................
. LaTeX info: "xparse/define-command"
. 
. Defining command \csch with sig. '' on line 343.
.................................................
.................................................
. LaTeX info: "xparse/define-command"
. 
. Defining command \sech with sig. '' on line 345.
.................................................
.................................................
. LaTeX info: "xparse/redefine-command"
. 
. Redefining command \coth with sig. '' on line 346.
.................................................
.................................................
. LaTeX info: "xparse/redefine-command"
. 
. Redefining command \exp with sig. '' on line 348.
.................................................
.................................................
. LaTeX info: "xparse/redefine-command"
. 
. Redefining command \log with sig. '' on line 349.
.................................................
.................................................
. LaTeX info: "xparse/redefine-command"
. 
. Redefining command \ln with sig. '' on line 350.
.................................................
.................................................
. LaTeX info: "xparse/redefine-command"
. 
. Redefining command \det with sig. '' on line 351.
.................................................
.................................................
. LaTeX info: "xparse/redefine-command"
. 
. Redefining command \Pr with sig. '' on line 352.
.................................................
.................................................
. LaTeX info: "xparse/define-command"
. 
. Defining command \tr with sig. '' on line 353.
.................................................
.................................................
. LaTeX info: "xparse/define-command"
. 
. Defining command \Tr with sig. '' on line 354.
.................................................
.................................................
. LaTeX info: "xparse/define-command"
. 
. Defining command \Res with sig. '' on line 355.
.................................................
.................................................
. LaTeX info: "xparse/define-command"
. 
. Defining command \qqtext with sig. ' s m ' on line 377.
.................................................
.................................................
. LaTeX info: "xparse/define-command"
. 
. Defining command \qq with sig. '' on line 378.
.................................................
.................................................
. LaTeX info: "xparse/define-command"
. 
. Defining command \qcomma with sig. '' on line 380.
.................................................
.................................................
. LaTeX info: "xparse/define-command"
. 
. Defining command \qc with sig. '' on line 381.
.................................................
.................................................
. LaTeX info: "xparse/define-command"
. 
. Defining command \qif with sig. 's' on line 383.
.................................................
.................................................
. LaTeX info: "xparse/define-command"
. 
. Defining command \qthen with sig. 's' on line 384.
.................................................
.................................................
. LaTeX info: "xparse/define-command"
. 
. Defining command \qelse with sig. 's' on line 385.
.................................................
.................................................
. LaTeX info: "xparse/define-command"
. 
. Defining command \qotherwise with sig. 's' on line 386.
.................................................
.................................................
. LaTeX info: "xparse/define-command"
. 
. Defining command \qunless with sig. 's' on line 387.
.................................................
.................................................
. LaTeX info: "xparse/define-command"
. 
. Defining command \qgiven with sig. 's' on line 388.
.................................................
.................................................
. LaTeX info: "xparse/define-command"
. 
. Defining command \qusing with sig. 's' on line 389.
.................................................
.................................................
. LaTeX info: "xparse/define-command"
. 
. Defining command \qassume with sig. 's' on line 390.
.................................................
.................................................
. LaTeX info: "xparse/define-command"
. 
. Defining command \qsince with sig. 's' on line 391.
.................................................
.................................................
. LaTeX info: "xparse/define-command"
. 
. Defining command \qlet with sig. 's' on line 392.
.................................................
.................................................
. LaTeX info: "xparse/define-command"
. 
. Defining command \qfor with sig. 's' on line 393.
.................................................
.................................................
. LaTeX info: "xparse/define-command"
. 
. Defining command \qall with sig. 's' on line 394.
.................................................
.................................................
. LaTeX info: "xparse/define-command"
. 
. Defining command \qeven with sig. 's' on line 395.
.................................................
.................................................
. LaTeX info: "xparse/define-command"
. 
. Defining command \qodd with sig. 's' on line 396.
.................................................
.................................................
. LaTeX info: "xparse/define-command"
. 
. Defining command \qinteger with sig. 's' on line 397.
.................................................
.................................................
. LaTeX info: "xparse/define-command"
. 
. Defining command \qand with sig. 's' on line 398.
.................................................
.................................................
. LaTeX info: "xparse/define-command"
. 
. Defining command \qor with sig. 's' on line 399.
.................................................
.................................................
. LaTeX info: "xparse/define-command"
. 
. Defining command \qas with sig. 's' on line 400.
.................................................
.................................................
. LaTeX info: "xparse/define-command"
. 
. Defining command \qin with sig. 's' on line 401.
.................................................
.................................................
. LaTeX info: "xparse/define-command"
. 
. Defining command \qcc with sig. 's' on line 402.
.................................................
.................................................
. LaTeX info: "xparse/define-command"
. 
. Defining command \differential with sig. ' o g d() ' on line 415.
.................................................
.................................................
. LaTeX info: "xparse/define-command"
. 
. Defining command \dd with sig. '' on line 416.
.................................................
.................................................
. LaTeX info: "xparse/define-command"
. 
. Defining command \derivative with sig. ' s o m g d() ' on line 435.
.................................................
.................................................
. LaTeX info: "xparse/define-command"
. 
. Defining command \dv with sig. '' on line 436.
.................................................
.................................................
. LaTeX info: "xparse/define-command"
. 
. Defining command \partialderivative with sig. ' s o m g g d() ' on line 460.
.................................................
.................................................
. LaTeX info: "xparse/define-command"
. 
. Defining command \pderivative with sig. '' on line 461.
.................................................
.................................................
. LaTeX info: "xparse/define-command"
. 
. Defining command \pdv with sig. '' on line 462.
.................................................
.................................................
. LaTeX info: "xparse/define-command"
. 
. Defining command \variation with sig. ' o g d() ' on line 474.
.................................................
.................................................
. LaTeX info: "xparse/define-command"
. 
. Defining command \var with sig. '' on line 475.
.................................................
.................................................
. LaTeX info: "xparse/define-command"
. 
. Defining command \functionalderivative with sig. ' s o m g d() ' on line
. 494.
.................................................
.................................................
. LaTeX info: "xparse/define-command"
. 
. Defining command \fderivative with sig. '' on line 495.
.................................................
.................................................
. LaTeX info: "xparse/define-command"
. 
. Defining command \fdv with sig. '' on line 496.
.................................................
.................................................
. LaTeX info: "xparse/define-command"
. 
. Defining command \bra with sig. ' s m t\ket s g ' on line 526.
.................................................
.................................................
. LaTeX info: "xparse/define-command"
. 
. Defining command \ket with sig. ' s m ' on line 533.
.................................................
.................................................
. LaTeX info: "xparse/define-command"
. 
. Defining command \innerproduct with sig. ' s m g ' on line 548.
.................................................
.................................................
. LaTeX info: "xparse/define-command"
. 
. Defining command \braket with sig. '' on line 549.
.................................................
.................................................
. LaTeX info: "xparse/define-command"
. 
. Defining command \ip with sig. '' on line 550.
.................................................
.................................................
. LaTeX info: "xparse/define-command"
. 
. Defining command \outerproduct with sig. ' s m g ' on line 565.
.................................................
.................................................
. LaTeX info: "xparse/define-command"
. 
. Defining command \dyad with sig. '' on line 566.
.................................................
.................................................
. LaTeX info: "xparse/define-command"
. 
. Defining command \op with sig. '' on line 567.
.................................................
.................................................
. LaTeX info: "xparse/define-command"
. 
. Defining command \ketbra with sig. '' on line 568.
.................................................
.................................................
. LaTeX info: "xparse/define-command"
. 
. Defining command \expectationvalue with sig. ' s s m g ' on line 587.
.................................................
.................................................
. LaTeX info: "xparse/define-command"
. 
. Defining command \expval with sig. '' on line 588.
.................................................
.................................................
. LaTeX info: "xparse/define-command"
. 
. Defining command \ev with sig. '' on line 589.
.................................................
.................................................
. LaTeX info: "xparse/define-command"
. 
. Defining command \vev with sig. ' m ' on line 590.
.................................................
.................................................
. LaTeX info: "xparse/define-command"
. 
. Defining command \matrixelement with sig. ' s s m m m ' on line 601.
.................................................
.................................................
. LaTeX info: "xparse/define-command"
. 
. Defining command \matrixel with sig. '' on line 602.
.................................................
.................................................
. LaTeX info: "xparse/define-command"
. 
. Defining command \mel with sig. '' on line 603.
.................................................
.................................................
. LaTeX info: "xparse/define-command"
. 
. Defining command \identitymatrix with sig. 'm' on line 633.
.................................................
.................................................
. LaTeX info: "xparse/define-command"
. 
. Defining command \imat with sig. '' on line 634.
.................................................
.................................................
. LaTeX info: "xparse/define-command"
. 
. Defining command \xmatrix with sig. ' s m m m ' on line 659.
.................................................
.................................................
. LaTeX info: "xparse/define-command"
. 
. Defining command \xmat with sig. '' on line 660.
.................................................
.................................................
. LaTeX info: "xparse/define-command"
. 
. Defining command \zeromatrix with sig. ' m g ' on line 662.
.................................................
.................................................
. LaTeX info: "xparse/define-command"
. 
. Defining command \zmat with sig. '' on line 663.
.................................................
.................................................
. LaTeX info: "xparse/define-command"
. 
. Defining command \paulixmatrix with sig. '' on line 665.
.................................................
.................................................
. LaTeX info: "xparse/define-command"
. 
. Defining command \pauliymatrix with sig. '' on line 666.
.................................................
.................................................
. LaTeX info: "xparse/define-command"
. 
. Defining command \paulizmatrix with sig. '' on line 667.
.................................................
.................................................
. LaTeX info: "xparse/define-command"
. 
. Defining command \paulimatrix with sig. 'm' on line 678.
.................................................
.................................................
. LaTeX info: "xparse/define-command"
. 
. Defining command \pmat with sig. '' on line 679.
.................................................
.................................................
. LaTeX info: "xparse/define-command"
. 
. Defining command \diagonalmatrix with sig. 'O{} >{\SplitList {,}}m ' on line
. 681.
.................................................
.................................................
. LaTeX info: "xparse/define-command"
. 
. Defining command \@dmat with sig. 'mmggggggg' on line 714.
.................................................
.................................................
. LaTeX info: "xparse/define-command"
. 
. Defining command \dmat with sig. '' on line 715.
.................................................
.................................................
. LaTeX info: "xparse/define-command"
. 
. Defining command \antidiagonalmatrix with sig. 'O{} >{\SplitList {,}}m ' on
. line 717.
.................................................
.................................................
. LaTeX info: "xparse/define-command"
. 
. Defining command \@admat with sig. 'mmggggggg' on line 750.
.................................................
.................................................
. LaTeX info: "xparse/define-command"
. 
. Defining command \admat with sig. '' on line 751.
.................................................
.................................................
. LaTeX info: "xparse/define-command"
. 
. Defining command \flatfrac with sig. ' m m ' on line 754.
.................................................
.................................................
. LaTeX info: "xparse/define-command"
. 
. Defining command \homework with sig. '' on line 764.
.................................................
)
(/usr/local/texlive/2016/texmf-dist/tex/latex/natbib/natbib.sty
Package: natbib 2010/09/13 8.31b (PWD, AO)
\bibhang=\skip52
\bibsep=\skip53
LaTeX Info: Redefining \cite on input line 694.
\c@NAT@ctr=\count142
)
(/usr/local/texlive/2016/texmf-dist/tex/latex/oberdiek/epstopdf.sty
Package: epstopdf 2016/05/15 v2.6 Conversion with epstopdf on the fly (HO)

(/usr/local/texlive/2016/texmf-dist/tex/latex/oberdiek/epstopdf-base.sty
Package: epstopdf-base 2016/05/15 v2.6 Base part for package epstopdf

(/usr/local/texlive/2016/texmf-dist/tex/latex/oberdiek/grfext.sty
Package: grfext 2016/05/16 v1.2 Manage graphics extensions (HO)

(/usr/local/texlive/2016/texmf-dist/tex/generic/oberdiek/kvdefinekeys.sty
Package: kvdefinekeys 2016/05/16 v1.4 Define keys (HO)
))
(/usr/local/texlive/2016/texmf-dist/tex/latex/oberdiek/kvoptions.sty
Package: kvoptions 2016/05/16 v3.12 Key value format for package options (HO)

(/usr/local/texlive/2016/texmf-dist/tex/generic/oberdiek/kvsetkeys.sty
Package: kvsetkeys 2016/05/16 v1.17 Key value parser (HO)

(/usr/local/texlive/2016/texmf-dist/tex/generic/oberdiek/etexcmds.sty
Package: etexcmds 2016/05/16 v1.6 Avoid name clashes with e-TeX commands (HO)

(/usr/local/texlive/2016/texmf-dist/tex/generic/oberdiek/ifluatex.sty
Package: ifluatex 2016/05/16 v1.4 Provides the ifluatex switch (HO)
Package ifluatex Info: LuaTeX not detected.
)
Package etexcmds Info: Could not find \expanded.
(etexcmds)             That can mean that you are not using pdfTeX 1.50 or
(etexcmds)             that some package has redefined \expanded.
(etexcmds)             In the latter case, load this package earlier.
)))
(/usr/local/texlive/2016/texmf-dist/tex/generic/oberdiek/pdftexcmds.sty
Package: pdftexcmds 2016/05/10 v0.21 Utility functions of pdfTeX for LuaTeX (HO
)
Package pdftexcmds Info: LuaTeX not detected.
Package pdftexcmds Info: \pdf@primitive is available.
Package pdftexcmds Info: \pdf@ifprimitive is available.
Package pdftexcmds Info: \pdfdraftmode found.
)
Package grfext Info: Graphics extension search list:
(grfext)             [.png,.pdf,.jpg,.mps,.jpeg,.jbig2,.jb2,.PNG,.PDF,.JPG,.JPE
G,.JBIG2,.JB2,.eps]
(grfext)             \AppendGraphicsExtensions on input line 456.

(/usr/local/texlive/2016/texmf-dist/tex/latex/latexconfig/epstopdf-sys.cfg
File: epstopdf-sys.cfg 2010/07/13 v1.3 Configuration of (r)epstopdf for TeX Liv
e
)))
(./IsingModelReport.aux)
\openout1 = `IsingModelReport.aux'.

LaTeX Font Info:    Checking defaults for OML/cmm/m/it on input line 17.
LaTeX Font Info:    ... okay on input line 17.
LaTeX Font Info:    Checking defaults for T1/cmr/m/n on input line 17.
LaTeX Font Info:    ... okay on input line 17.
LaTeX Font Info:    Checking defaults for OT1/cmr/m/n on input line 17.
LaTeX Font Info:    ... okay on input line 17.
LaTeX Font Info:    Checking defaults for OMS/cmsy/m/n on input line 17.
LaTeX Font Info:    ... okay on input line 17.
LaTeX Font Info:    Checking defaults for OMX/cmex/m/n on input line 17.
LaTeX Font Info:    ... okay on input line 17.
LaTeX Font Info:    Checking defaults for U/cmr/m/n on input line 17.
LaTeX Font Info:    ... okay on input line 17.

*geometry* driver: auto-detecting
*geometry* detected driver: pdftex
*geometry* verbose mode - [ preamble ] result:
* driver: pdftex
* paper: <default>
* layout: <same size as paper>
* layoutoffset:(h,v)=(0.0pt,0.0pt)
* modes: 
* h-part:(L,W,R)=(72.26999pt, 469.75502pt, 72.26999pt)
* v-part:(T,H,B)=(72.26999pt, 650.43001pt, 72.26999pt)
* \paperwidth=614.295pt
* \paperheight=794.96999pt
* \textwidth=469.75502pt
* \textheight=650.43001pt
* \oddsidemargin=0.0pt
* \evensidemargin=0.0pt
* \topmargin=-37.0pt
* \headheight=12.0pt
* \headsep=25.0pt
* \topskip=12.0pt
* \footskip=30.0pt
* \marginparwidth=44.0pt
* \marginparsep=10.0pt
* \columnsep=10.0pt
* \skip\footins=10.8pt plus 4.0pt minus 2.0pt
* \hoffset=0.0pt
* \voffset=0.0pt
* \mag=1000
* \@twocolumnfalse
* \@twosidefalse
* \@mparswitchfalse
* \@reversemarginfalse
* (1in=72.27pt=25.4mm, 1cm=28.453pt)

(/usr/local/texlive/2016/texmf-dist/tex/context/base/mkii/supp-pdf.mkii
[Loading MPS to PDF converter (version 2006.09.02).]
\scratchcounter=\count143
\scratchdimen=\dimen164
\scratchbox=\box46
\nofMPsegments=\count144
\nofMParguments=\count145
\everyMPshowfont=\toks22
\MPscratchCnt=\count146
\MPscratchDim=\dimen165
\MPnumerator=\count147
\makeMPintoPDFobject=\count148
\everyMPtoPDFconversion=\toks23
)
Package caption Info: Begin \AtBeginDocument code.
Package caption Info: listings package is loaded.
Package caption Info: End \AtBeginDocument code.
\c@lstlisting=\count149
 [1

{/usr/local/texlive/2016/texmf-var/fonts/map/pdftex/updmap/pdftex.map}]
Package epstopdf Info: Source file: <./Ferrographs/ferroEsurf.eps>
(epstopdf)                    date: 2017-09-19 23:52:48
(epstopdf)                    size: 2205328 bytes
(epstopdf)             Output file: <./Ferrographs/ferroEsurf-eps-converted-to.
pdf>
(epstopdf)                    date: 2017-09-20 00:54:47
(epstopdf)                    size: 627321 bytes
(epstopdf)             Command: <repstopdf --outfile=./Ferrographs/ferroEsurf-e
ps-converted-to.pdf ./Ferrographs/ferroEsurf.eps>
(epstopdf)             \includegraphics on input line 37.
Package epstopdf Info: Output file is already uptodate.

<./Ferrographs/ferroEsurf-eps-converted-to.pdf, id=17, 685.56125pt x 475.7775pt
>
File: ./Ferrographs/ferroEsurf-eps-converted-to.pdf Graphic file (type pdf)
 <use ./Ferrographs/ferroEsurf-eps-converted-to.pdf>
Package pdftex.def Info: ./Ferrographs/ferroEsurf-eps-converted-to.pdf used on 
input line 37.
(pdftex.def)             Requested size: 469.75502pt x 326.02177pt.
Package epstopdf Info: Source file: <./Ferrographs/ferroMsurf.eps>
(epstopdf)                    date: 2017-09-19 23:39:06
(epstopdf)                    size: 1871308 bytes
(epstopdf)             Output file: <./Ferrographs/ferroMsurf-eps-converted-to.
pdf>
(epstopdf)                    date: 2017-09-20 00:54:48
(epstopdf)                    size: 525988 bytes
(epstopdf)             Command: <repstopdf --outfile=./Ferrographs/ferroMsurf-e
ps-converted-to.pdf ./Ferrographs/ferroMsurf.eps>
(epstopdf)             \includegraphics on input line 44.
Package epstopdf Info: Output file is already uptodate.

<./Ferrographs/ferroMsurf-eps-converted-to.pdf, id=18, 685.56125pt x 477.785pt>
File: ./Ferrographs/ferroMsurf-eps-converted-to.pdf Graphic file (type pdf)
<use ./Ferrographs/ferroMsurf-eps-converted-to.pdf>
Package pdftex.def Info: ./Ferrographs/ferroMsurf-eps-converted-to.pdf used on 
input line 44.
(pdftex.def)             Requested size: 469.75502pt x 327.3974pt.


LaTeX Warning: `!h' float specifier changed to `!ht'.

Package epstopdf Info: Source file: <./Ferrographs/ferroMvsT.eps>
(epstopdf)                    date: 2017-09-19 22:03:03
(epstopdf)                    size: 35277 bytes
(epstopdf)             Output file: <./Ferrographs/ferroMvsT-eps-converted-to.p
df>
(epstopdf)                    date: 2017-09-20 00:44:30
(epstopdf)                    size: 12616 bytes
(epstopdf)             Command: <repstopdf --outfile=./Ferrographs/ferroMvsT-ep
s-converted-to.pdf ./Ferrographs/ferroMvsT.eps>
(epstopdf)             \includegraphics on input line 53.
Package epstopdf Info: Output file is already uptodate.

<./Ferrographs/ferroMvsT-eps-converted-to.pdf, id=19, 685.56125pt x 482.80376pt
>
File: ./Ferrographs/ferroMvsT-eps-converted-to.pdf Graphic file (type pdf)
 <use ./Ferrographs/ferroMvsT-eps-converted-to.pdf>
Package pdftex.def Info: ./Ferrographs/ferroMvsT-eps-converted-to.pdf used on i
nput line 53.
(pdftex.def)             Requested size: 234.8775pt x 165.41086pt.
Package epstopdf Info: Source file: <./Ferrographs/ferroEvsT.eps>
(epstopdf)                    date: 2017-09-19 21:46:40
(epstopdf)                    size: 36258 bytes
(epstopdf)             Output file: <./Ferrographs/ferroEvsT-eps-converted-to.p
df>
(epstopdf)                    date: 2017-09-20 00:44:42
(epstopdf)                    size: 13443 bytes
(epstopdf)             Command: <repstopdf --outfile=./Ferrographs/ferroEvsT-ep
s-converted-to.pdf ./Ferrographs/ferroEvsT.eps>
(epstopdf)             \includegraphics on input line 57.
Package epstopdf Info: Output file is already uptodate.

<./Ferrographs/ferroEvsT-eps-converted-to.pdf, id=20, 685.56125pt x 455.7025pt>
File: ./Ferrographs/ferroEvsT-eps-converted-to.pdf Graphic file (type pdf)
<use ./Ferrographs/ferroEvsT-eps-converted-to.pdf>
Package pdftex.def Info: ./Ferrographs/ferroEvsT-eps-converted-to.pdf used on i
nput line 57.
(pdftex.def)             Requested size: 234.8775pt x 156.12582pt.

Overfull \hbox (2.61107pt too wide) in paragraph at lines 52--60
[]$[]$ $[]$ 
 []


LaTeX Warning: `!h' float specifier changed to `!ht'.

Package epstopdf Info: Source file: <./Ferrographs/ferroMvsB.eps>
(epstopdf)                    date: 2017-09-19 22:28:58
(epstopdf)                    size: 35220 bytes
(epstopdf)             Output file: <./Ferrographs/ferroMvsB-eps-converted-to.p
df>
(epstopdf)                    date: 2017-09-20 00:54:48
(epstopdf)                    size: 12452 bytes
(epstopdf)             Command: <repstopdf --outfile=./Ferrographs/ferroMvsB-ep
s-converted-to.pdf ./Ferrographs/ferroMvsB.eps>
(epstopdf)             \includegraphics on input line 66.
Package epstopdf Info: Output file is already uptodate.

<./Ferrographs/ferroMvsB-eps-converted-to.pdf, id=21, 685.56125pt x 477.785pt>
File: ./Ferrographs/ferroMvsB-eps-converted-to.pdf Graphic file (type pdf)

<use ./Ferrographs/ferroMvsB-eps-converted-to.pdf>
Package pdftex.def Info: ./Ferrographs/ferroMvsB-eps-converted-to.pdf used on i
nput line 66.
(pdftex.def)             Requested size: 234.8775pt x 163.6914pt.
Package epstopdf Info: Source file: <./Ferrographs/ferroEvsB.eps>
(epstopdf)                    date: 2017-09-19 22:13:33
(epstopdf)                    size: 35325 bytes
(epstopdf)             Output file: <./Ferrographs/ferroEvsB-eps-converted-to.p
df>
(epstopdf)                    date: 2017-09-20 00:54:49
(epstopdf)                    size: 12892 bytes
(epstopdf)             Command: <repstopdf --outfile=./Ferrographs/ferroEvsB-ep
s-converted-to.pdf ./Ferrographs/ferroEvsB.eps>
(epstopdf)             \includegraphics on input line 70.
Package epstopdf Info: Output file is already uptodate.

<./Ferrographs/ferroEvsB-eps-converted-to.pdf, id=22, 685.56125pt x 491.8375pt>
File: ./Ferrographs/ferroEvsB-eps-converted-to.pdf Graphic file (type pdf)
<use ./Ferrographs/ferroEvsB-eps-converted-to.pdf>
Package pdftex.def Info: ./Ferrographs/ferroEvsB-eps-converted-to.pdf used on i
nput line 70.
(pdftex.def)             Requested size: 234.8775pt x 168.50586pt.

Overfull \hbox (2.61107pt too wide) in paragraph at lines 65--73
[]$[]$ $[]$ 
 []

[2 <./Ferrographs/ferroEsurf-eps-converted-to.pdf>]

LaTeX Warning: Text page 3 contains only floats.

[3 <./Ferrographs/ferroMsurf-eps-converted-to.pdf> <./Ferrographs/ferroMvsT-eps
-converted-to.pdf> <./Ferrographs/ferroEvsT-eps-converted-to.pdf>]
Package epstopdf Info: Source file: <./Antiferrographs/antiferroEsurf.eps>
(epstopdf)                    date: 2017-09-19 23:45:14
(epstopdf)                    size: 2171823 bytes
(epstopdf)             Output file: <./Antiferrographs/antiferroEsurf-eps-conve
rted-to.pdf>
(epstopdf)                    date: 2017-09-20 00:59:41
(epstopdf)                    size: 617494 bytes
(epstopdf)             Command: <repstopdf --outfile=./Antiferrographs/antiferr
oEsurf-eps-converted-to.pdf ./Antiferrographs/antiferroEsurf.eps>
(epstopdf)             \includegraphics on input line 82.
Package epstopdf Info: Output file is already uptodate.

<./Antiferrographs/antiferroEsurf-eps-converted-to.pdf, id=61, 685.56125pt x 48
6.81876pt>
File: ./Antiferrographs/antiferroEsurf-eps-converted-to.pdf Graphic file (type 
pdf)
 <use ./Antiferrographs/antiferroEsurf-eps-converted-to.pdf>
Package pdftex.def Info: ./Antiferrographs/antiferroEsurf-eps-converted-to.pdf 
used on input line 82.
(pdftex.def)             Requested size: 469.75502pt x 333.58769pt.


LaTeX Warning: `!h' float specifier changed to `!ht'.

Package epstopdf Info: Source file: <./Antiferrographs/antiferroMsurf.eps>
(epstopdf)                    date: 2017-09-19 23:46:58
(epstopdf)                    size: 2093717 bytes
(epstopdf)             Output file: <./Antiferrographs/antiferroMsurf-eps-conve
rted-to.pdf>
(epstopdf)                    date: 2017-09-20 00:59:42
(epstopdf)                    size: 598186 bytes
(epstopdf)             Command: <repstopdf --outfile=./Antiferrographs/antiferr
oMsurf-eps-converted-to.pdf ./Antiferrographs/antiferroMsurf.eps>
(epstopdf)             \includegraphics on input line 89.
Package epstopdf Info: Output file is already uptodate.

<./Antiferrographs/antiferroMsurf-eps-converted-to.pdf, id=62, 685.56125pt x 49
5.8525pt>
File: ./Antiferrographs/antiferroMsurf-eps-converted-to.pdf Graphic file (type 
pdf)
 <use ./Antiferrographs/antiferroMsurf-eps-converted-to.pdf>
Package pdftex.def Info: ./Antiferrographs/antiferroMsurf-eps-converted-to.pdf 
used on input line 89.
(pdftex.def)             Requested size: 469.75502pt x 339.77797pt.


LaTeX Warning: `!h' float specifier changed to `!ht'.

[4 <./Ferrographs/ferroMvsB-eps-converted-to.pdf> <./Ferrographs/ferroEvsB-eps-
converted-to.pdf>]
Package epstopdf Info: Source file: <./Antiferrographs/antiferroMvsT.eps>
(epstopdf)                    date: 2017-09-19 21:59:38
(epstopdf)                    size: 35464 bytes
(epstopdf)             Output file: <./Antiferrographs/antiferroMvsT-eps-conver
ted-to.pdf>
(epstopdf)                    date: 2017-09-20 00:59:43
(epstopdf)                    size: 12807 bytes
(epstopdf)             Command: <repstopdf --outfile=./Antiferrographs/antiferr
oMvsT-eps-converted-to.pdf ./Antiferrographs/antiferroMvsT.eps>
(epstopdf)             \includegraphics on input line 98.
Package epstopdf Info: Output file is already uptodate.

<./Antiferrographs/antiferroMvsT-eps-converted-to.pdf, id=82, 685.56125pt x 473
.77pt>
File: ./Antiferrographs/antiferroMvsT-eps-converted-to.pdf Graphic file (type p
df)
 <use ./Antiferrographs/antiferroMvsT-eps-converted-to.pdf>
Package pdftex.def Info: ./Antiferrographs/antiferroMvsT-eps-converted-to.pdf u
sed on input line 98.
(pdftex.def)             Requested size: 234.8775pt x 162.31584pt.
Package epstopdf Info: Source file: <./Antiferrographs/antiferroEvsT.eps>
(epstopdf)                    date: 2017-09-19 20:02:15
(epstopdf)                    size: 37714 bytes
(epstopdf)             Output file: <./Antiferrographs/antiferroEvsT-eps-conver
ted-to.pdf>
(epstopdf)                    date: 2017-09-20 00:59:43
(epstopdf)                    size: 13743 bytes
(epstopdf)             Command: <repstopdf --outfile=./Antiferrographs/antiferr
oEvsT-eps-converted-to.pdf ./Antiferrographs/antiferroEvsT.eps>
(epstopdf)             \includegraphics on input line 102.
Package epstopdf Info: Output file is already uptodate.

<./Antiferrographs/antiferroEvsT-eps-converted-to.pdf, id=83, 685.56125pt x 437
.635pt>
File: ./Antiferrographs/antiferroEvsT-eps-converted-to.pdf Graphic file (type p
df)
 <use ./Antiferrographs/antiferroEvsT-eps-converted-to.pdf>
Package pdftex.def Info: ./Antiferrographs/antiferroEvsT-eps-converted-to.pdf u
sed on input line 102.
(pdftex.def)             Requested size: 234.8775pt x 149.93582pt.

Overfull \hbox (2.61107pt too wide) in paragraph at lines 97--105
[]$[]$ $[]$ 
 []


LaTeX Warning: `!h' float specifier changed to `!ht'.

Package epstopdf Info: Source file: <./Antiferrographs/antiferroMvsB.eps>
(epstopdf)                    date: 2017-09-19 22:50:09
(epstopdf)                    size: 34481 bytes
(epstopdf)             Output file: <./Antiferrographs/antiferroMvsB-eps-conver
ted-to.pdf>
(epstopdf)                    date: 2017-09-20 00:59:44
(epstopdf)                    size: 12725 bytes
(epstopdf)             Command: <repstopdf --outfile=./Antiferrographs/antiferr
oMvsB-eps-converted-to.pdf ./Antiferrographs/antiferroMvsB.eps>
(epstopdf)             \includegraphics on input line 112.
Package epstopdf Info: Output file is already uptodate.

<./Antiferrographs/antiferroMvsB-eps-converted-to.pdf, id=84, 685.56125pt x 441
.65pt>
File: ./Antiferrographs/antiferroMvsB-eps-converted-to.pdf Graphic file (type p
df)
 <use ./Antiferrographs/antiferroMvsB-eps-converted-to.pdf>
Package pdftex.def Info: ./Antiferrographs/antiferroMvsB-eps-converted-to.pdf u
sed on input line 112.
(pdftex.def)             Requested size: 234.8775pt x 151.31137pt.
Package epstopdf Info: Source file: <./Antiferrographs/antiferroEvsB.eps>
(epstopdf)                    date: 2017-09-19 22:45:50
(epstopdf)                    size: 36062 bytes
(epstopdf)             Output file: <./Antiferrographs/antiferroEvsB-eps-conver
ted-to.pdf>
(epstopdf)                    date: 2017-09-20 00:59:44
(epstopdf)                    size: 13397 bytes
(epstopdf)             Command: <repstopdf --outfile=./Antiferrographs/antiferr
oEvsB-eps-converted-to.pdf ./Antiferrographs/antiferroEvsB.eps>
(epstopdf)             \includegraphics on input line 116.
Package epstopdf Info: Output file is already uptodate.

<./Antiferrographs/antiferroEvsB-eps-converted-to.pdf, id=85, 685.56125pt x 486
.81876pt>
File: ./Antiferrographs/antiferroEvsB-eps-converted-to.pdf Graphic file (type p
df)
 <use ./Antiferrographs/antiferroEvsB-eps-converted-to.pdf>
Package pdftex.def Info: ./Antiferrographs/antiferroEvsB-eps-converted-to.pdf u
sed on input line 116.
(pdftex.def)             Requested size: 234.8775pt x 166.7864pt.

Overfull \hbox (2.61107pt too wide) in paragraph at lines 111--119
[]$[]$ $[]$ 
 []


LaTeX Warning: `!h' float specifier changed to `!ht'.

[5 <./Antiferrographs/antiferroEsurf-eps-converted-to.pdf>]

LaTeX Warning: Text page 6 contains only floats.

[6 <./Antiferrographs/antiferroMsurf-eps-converted-to.pdf> <./Antiferrographs/a
ntiferroMvsT-eps-converted-to.pdf> <./Antiferrographs/antiferroEvsT-eps-convert
ed-to.pdf>]
Package epstopdf Info: Source file: <./Paragraphs/paraEsurf.eps>
(epstopdf)                    date: 2017-09-19 23:57:29
(epstopdf)                    size: 2190909 bytes
(epstopdf)             Output file: <./Paragraphs/paraEsurf-eps-converted-to.pd
f>
(epstopdf)                    date: 2017-09-20 08:29:37
(epstopdf)                    size: 596610 bytes
(epstopdf)             Command: <repstopdf --outfile=./Paragraphs/paraEsurf-eps
-converted-to.pdf ./Paragraphs/paraEsurf.eps>
(epstopdf)             \includegraphics on input line 128.
Package epstopdf Info: Output file is already uptodate.

<./Paragraphs/paraEsurf-eps-converted-to.pdf, id=124, 685.56125pt x 475.7775pt>
File: ./Paragraphs/paraEsurf-eps-converted-to.pdf Graphic file (type pdf)
<use ./Paragraphs/paraEsurf-eps-converted-to.pdf>
Package pdftex.def Info: ./Paragraphs/paraEsurf-eps-converted-to.pdf used on in
put line 128.
(pdftex.def)             Requested size: 469.75502pt x 326.02177pt.


LaTeX Warning: `!h' float specifier changed to `!ht'.

Package epstopdf Info: Source file: <./Paragraphs/paraMsurf.eps>
(epstopdf)                    date: 2017-09-20 00:00:41
(epstopdf)                    size: 1453998 bytes
(epstopdf)             Output file: <./Paragraphs/paraMsurf-eps-converted-to.pd
f>
(epstopdf)                    date: 2017-09-20 08:29:38
(epstopdf)                    size: 415078 bytes
(epstopdf)             Command: <repstopdf --outfile=./Paragraphs/paraMsurf-eps
-converted-to.pdf ./Paragraphs/paraMsurf.eps>
(epstopdf)             \includegraphics on input line 135.
Package epstopdf Info: Output file is already uptodate.

<./Paragraphs/paraMsurf-eps-converted-to.pdf, id=125, 685.56125pt x 484.81125pt
>
File: ./Paragraphs/paraMsurf-eps-converted-to.pdf Graphic file (type pdf)
 <use ./Paragraphs/paraMsurf-eps-converted-to.pdf>
Package pdftex.def Info: ./Paragraphs/paraMsurf-eps-converted-to.pdf used on in
put line 135.
(pdftex.def)             Requested size: 469.75502pt x 332.21207pt.


LaTeX Warning: `!h' float specifier changed to `!ht'.

Package epstopdf Info: Source file: <./Paragraphs/paraMvsT.eps>
(epstopdf)                    date: 2017-09-19 23:20:48
(epstopdf)                    size: 36234 bytes
(epstopdf)             Output file: <./Paragraphs/paraMvsT-eps-converted-to.pdf
>
(epstopdf)                    date: 2017-09-20 08:29:38
(epstopdf)                    size: 12846 bytes
(epstopdf)             Command: <repstopdf --outfile=./Paragraphs/paraMvsT-eps-
converted-to.pdf ./Paragraphs/paraMvsT.eps>
(epstopdf)             \includegraphics on input line 144.
Package epstopdf Info: Output file is already uptodate.

<./Paragraphs/paraMvsT-eps-converted-to.pdf, id=126, 685.56125pt x 459.7175pt>
File: ./Paragraphs/paraMvsT-eps-converted-to.pdf Graphic file (type pdf)

<use ./Paragraphs/paraMvsT-eps-converted-to.pdf>
Package pdftex.def Info: ./Paragraphs/paraMvsT-eps-converted-to.pdf used on inp
ut line 144.
(pdftex.def)             Requested size: 234.8775pt x 157.50139pt.
Package epstopdf Info: Source file: <./Paragraphs/paraEvsT.eps>
(epstopdf)                    date: 2017-09-19 23:08:43
(epstopdf)                    size: 37677 bytes
(epstopdf)             Output file: <./Paragraphs/paraEvsT-eps-converted-to.pdf
>
(epstopdf)                    date: 2017-09-20 08:30:48
(epstopdf)                    size: 13232 bytes
(epstopdf)             Command: <repstopdf --outfile=./Paragraphs/paraEvsT-eps-
converted-to.pdf ./Paragraphs/paraEvsT.eps>
(epstopdf)             \includegraphics on input line 148.
Package epstopdf Info: Output file is already uptodate.

<./Paragraphs/paraEvsT-eps-converted-to.pdf, id=127, 685.56125pt x 459.7175pt>
File: ./Paragraphs/paraEvsT-eps-converted-to.pdf Graphic file (type pdf)

<use ./Paragraphs/paraEvsT-eps-converted-to.pdf>
Package pdftex.def Info: ./Paragraphs/paraEvsT-eps-converted-to.pdf used on inp
ut line 148.
(pdftex.def)             Requested size: 234.8775pt x 157.50139pt.

Overfull \hbox (2.61107pt too wide) in paragraph at lines 143--151
[]$[]$ $[]$ 
 []


LaTeX Warning: `!h' float specifier changed to `!ht'.

Package epstopdf Info: Source file: <./Paragraphs/paraMvsB.eps>
(epstopdf)                    date: 2017-09-19 23:03:20
(epstopdf)                    size: 36147 bytes
(epstopdf)             Output file: <./Paragraphs/paraMvsB-eps-converted-to.pdf
>
(epstopdf)                    date: 2017-09-20 08:29:39
(epstopdf)                    size: 12783 bytes
(epstopdf)             Command: <repstopdf --outfile=./Paragraphs/paraMvsB-eps-
converted-to.pdf ./Paragraphs/paraMvsB.eps>
(epstopdf)             \includegraphics on input line 158.
Package epstopdf Info: Output file is already uptodate.

<./Paragraphs/paraMvsB-eps-converted-to.pdf, id=128, 685.56125pt x 450.68375pt>
File: ./Paragraphs/paraMvsB-eps-converted-to.pdf Graphic file (type pdf)
<use ./Paragraphs/paraMvsB-eps-converted-to.pdf>
Package pdftex.def Info: ./Paragraphs/paraMvsB-eps-converted-to.pdf used on inp
ut line 158.
(pdftex.def)             Requested size: 234.8775pt x 154.40639pt.
Package epstopdf Info: Source file: <./Paragraphs/paraEvsB.eps>
(epstopdf)                    date: 2017-09-19 22:59:36
(epstopdf)                    size: 36454 bytes
(epstopdf)             Output file: <./Paragraphs/paraEvsB-eps-converted-to.pdf
>
(epstopdf)                    date: 2017-09-20 08:29:39
(epstopdf)                    size: 12964 bytes
(epstopdf)             Command: <repstopdf --outfile=./Paragraphs/paraEvsB-eps-
converted-to.pdf ./Paragraphs/paraEvsB.eps>
(epstopdf)             \includegraphics on input line 162.
Package epstopdf Info: Output file is already uptodate.

<./Paragraphs/paraEvsB-eps-converted-to.pdf, id=129, 685.56125pt x 450.68375pt>
File: ./Paragraphs/paraEvsB-eps-converted-to.pdf Graphic file (type pdf)
<use ./Paragraphs/paraEvsB-eps-converted-to.pdf>
Package pdftex.def Info: ./Paragraphs/paraEvsB-eps-converted-to.pdf used on inp
ut line 162.
(pdftex.def)             Requested size: 234.8775pt x 154.40639pt.

Overfull \hbox (2.61107pt too wide) in paragraph at lines 157--165
[]$[]$ $[]$ 
 []


LaTeX Warning: `!h' float specifier changed to `!ht'.

[7 <./Antiferrographs/antiferroMvsB-eps-converted-to.pdf> <./Antiferrographs/an
tiferroEvsB-eps-converted-to.pdf>] [8 <./Paragraphs/paraEsurf-eps-converted-to.
pdf>]

LaTeX Warning: Text page 9 contains only floats.

[9 <./Paragraphs/paraMsurf-eps-converted-to.pdf> <./Paragraphs/paraMvsT-eps-con
verted-to.pdf> <./Paragraphs/paraEvsT-eps-converted-to.pdf>] [10 <./Paragraphs/
paraMvsB-eps-converted-to.pdf> <./Paragraphs/paraEvsB-eps-converted-to.pdf>]
[11] (/usr/local/texlive/2016/texmf-dist/tex/latex/listings/lstlang1.sty
File: lstlang1.sty 2015/06/04 1.6 listings language file
)
(/usr/local/texlive/2016/texmf-dist/tex/latex/listings/lstlang1.sty
File: lstlang1.sty 2015/06/04 1.6 listings language file
)
(../isingmodel.f90
LaTeX Font Info:    Try loading font information for OMS+cmr on input line 8.
 (/usr/local/texlive/2016/texmf-dist/tex/latex/base/omscmr.fd
File: omscmr.fd 2014/09/29 v2.5h Standard LaTeX font definitions
)
LaTeX Font Info:    Font shape `OMS/cmr/m/n' in size <12> not available
(Font)              Font shape `OMS/cmsy/m/n' tried instead on input line 8.
 [12] [13]
LaTeX Font Info:    Try loading font information for OML+cmr on input line 93.
 (/usr/local/texlive/2016/texmf-dist/tex/latex/base/omlcmr.fd
File: omlcmr.fd 2014/09/29 v2.5h Standard LaTeX font definitions
)
LaTeX Font Info:    Font shape `OML/cmr/m/n' in size <12> not available
(Font)              Font shape `OML/cmm/m/it' tried instead on input line 93.

[14] [15]) [16] (./IsingModelReport.bbl) [17] (./IsingModelReport.aux) ) 
Here is how much of TeX's memory you used:
 13108 strings out of 493014
 233503 string characters out of 6133351
 385682 words of memory out of 5000000
 16536 multiletter control sequences out of 15000+600000
 11728 words of font info for 42 fonts, out of 8000000 for 9000
 1141 hyphenation exceptions out of 8191
 42i,8n,52p,10411b,1760s stack positions out of 5000i,500n,10000p,200000b,80000s
</usr/l
ocal/texlive/2016/texmf-dist/fonts/type1/public/amsfonts/cm/cmbx10.pfb></usr/lo
cal/texlive/2016/texmf-dist/fonts/type1/public/amsfonts/cm/cmbx12.pfb></usr/loc
al/texlive/2016/texmf-dist/fonts/type1/public/amsfonts/cm/cmex10.pfb></usr/loca
l/texlive/2016/texmf-dist/fonts/type1/public/amsfonts/cm/cmmi10.pfb></usr/local
/texlive/2016/texmf-dist/fonts/type1/public/amsfonts/cm/cmmi12.pfb></usr/local/
texlive/2016/texmf-dist/fonts/type1/public/amsfonts/cm/cmmi8.pfb></usr/local/te
xlive/2016/texmf-dist/fonts/type1/public/amsfonts/cm/cmr10.pfb></usr/local/texl
ive/2016/texmf-dist/fonts/type1/public/amsfonts/cm/cmr12.pfb></usr/local/texliv
e/2016/texmf-dist/fonts/type1/public/amsfonts/cm/cmr17.pfb></usr/local/texlive/
2016/texmf-dist/fonts/type1/public/amsfonts/cm/cmr8.pfb></usr/local/texlive/201
6/texmf-dist/fonts/type1/public/amsfonts/cm/cmsy10.pfb></usr/local/texlive/2016
/texmf-dist/fonts/type1/public/amsfonts/cm/cmti12.pfb>
Output written on IsingModelReport.pdf (17 pages, 3641249 bytes).
PDF statistics:
 270 PDF objects out of 1000 (max. 8388607)
 183 compressed objects within 2 object streams
 0 named destinations out of 1000 (max. 500000)
 91 words of extra memory for PDF output out of 10000 (max. 10000000)

